[2025-08-18T15:05:22.065Z] 🚀 Starting /Docs → /docs Migration Monitor
[2025-08-18T15:05:22.070Z] Monitoring 8 URLs every 60 seconds
[2025-08-18T15:05:22.070Z] 
=== Monitoring Check #1 ===
[2025-08-18T15:05:22.759Z] ✓ Redirect: /Docs → /docs (302)
[2025-08-18T15:05:32.538Z] 🔥 CRITICAL: /docs returned 500
[2025-08-18T15:05:32.762Z] ✓ Redirect: /Docs/introduction → /docs/introduction (302)
[2025-08-18T15:05:33.149Z] 🔥 CRITICAL: /docs/introduction returned 500
[2025-08-18T15:05:33.336Z] ✓ Redirect: /Docs/ecosystem → /docs/ecosystem (302)
[2025-08-18T15:05:33.688Z] 🔥 CRITICAL: /docs/ecosystem returned 500
[2025-08-18T15:05:33.875Z] ✓ Redirect: /Docs/developers → /docs/developers (302)
[2025-08-18T15:05:34.223Z] 🔥 CRITICAL: /docs/developers returned 500
[2025-08-18T15:06:34.328Z] 
=== Monitoring Check #2 ===
[2025-08-18T15:06:34.432Z] ✓ Redirect: /Docs → /docs (302)
[2025-08-18T15:06:35.577Z] 🔥 CRITICAL: /docs returned 500
[2025-08-18T15:06:35.756Z] ✓ Redirect: /Docs/introduction → /docs/introduction (302)
[2025-08-18T15:06:36.107Z] 🔥 CRITICAL: /docs/introduction returned 500
[2025-08-18T15:06:36.291Z] ✓ Redirect: /Docs/ecosystem → /docs/ecosystem (302)
[2025-08-18T15:06:36.629Z] 🔥 CRITICAL: /docs/ecosystem returned 500
[2025-08-18T15:06:36.822Z] ✓ Redirect: /Docs/developers → /docs/developers (302)
[2025-08-18T15:06:37.192Z] 🔥 CRITICAL: /docs/developers returned 500
[2025-08-18T15:06:37.296Z] 🚨 ALERT: High error rate detected! 8 errors in last 5 minutes
[2025-08-18T15:07:34.329Z] 
=== Monitoring Check #3 ===
[2025-08-18T15:07:34.340Z] ✓ Redirect: /Docs → /docs (302)
[2025-08-18T15:07:34.853Z] 🔥 CRITICAL: /docs returned 500
[2025-08-18T15:07:35.071Z] ✓ Redirect: /Docs/introduction → /docs/introduction (302)
[2025-08-18T15:07:35.442Z] 🔥 CRITICAL: /docs/introduction returned 500
[2025-08-18T15:07:35.631Z] ✓ Redirect: /Docs/ecosystem → /docs/ecosystem (302)
[2025-08-18T15:07:35.980Z] 🔥 CRITICAL: /docs/ecosystem returned 500
[2025-08-18T15:07:36.249Z] ✓ Redirect: /Docs/developers → /docs/developers (302)
[2025-08-18T15:07:36.674Z] 🔥 CRITICAL: /docs/developers returned 500
[2025-08-18T15:07:36.775Z] 🚨 ALERT: High error rate detected! 12 errors in last 5 minutes
[2025-08-18T15:08:34.330Z] 
=== Monitoring Check #4 ===
[2025-08-18T15:08:34.340Z] ✓ Redirect: /Docs → /docs (302)
[2025-08-18T15:08:35.037Z] 🔥 CRITICAL: /docs returned 500
[2025-08-18T15:08:35.230Z] ✓ Redirect: /Docs/introduction → /docs/introduction (302)
[2025-08-18T15:08:35.577Z] 🔥 CRITICAL: /docs/introduction returned 500
[2025-08-18T15:08:35.757Z] ✓ Redirect: /Docs/ecosystem → /docs/ecosystem (302)
[2025-08-18T15:08:36.153Z] 🔥 CRITICAL: /docs/ecosystem returned 500
[2025-08-18T15:08:36.345Z] ✓ Redirect: /Docs/developers → /docs/developers (302)
[2025-08-18T15:08:36.561Z] 🔥 CRITICAL: /docs/developers returned 500
[2025-08-18T15:08:36.663Z] 🚨 ALERT: High error rate detected! 16 errors in last 5 minutes
